[35m[Appium][39m Welcome to Appium v1.22.0
[35m[Appium][39m Non-default server args:
[35m[Appium][39m   port: 57143
[35m[Appium][39m   loglevel: info
[35m[Appium][39m   tmpDir: C:\Users\Btech\AppData\Local\Temp\\Katalon\Appium\Temp1708071624263
[35m[Appium][39m Appium REST http interface listener started on 0.0.0.0:57143
[35m[HTTP][39m [37m-->[39m [37mGET[39m [37m/wd/hub/status[39m
[35m[HTTP][39m [90m{}[39m
[35m[HTTP][39m [37m<-- GET /wd/hub/status [39m[32m200[39m [90m31 ms - 68[39m
[35m[HTTP][39m [90m[39m
[35m[HTTP][39m [37m-->[39m [37mGET[39m [37m/wd/hub/status[39m
[35m[HTTP][39m [90m{}[39m
[35m[HTTP][39m [37m<-- GET /wd/hub/status [39m[32m200[39m [90m3 ms - 68[39m
[35m[HTTP][39m [90m[39m
[35m[HTTP][39m [37m-->[39m [37mPOST[39m [37m/wd/hub/session[39m
[35m[HTTP][39m [90m{"desiredCapabilities":{"appActivity":".Settings","appPackage":"com.android.settings","newCommandTimeout":1800,"platformVersion":"9","automationName":"uiautomator2","autoGrantPermissions":true,"platformName":"Android","udid":"emulator-5554","deviceName":"emulator-5554 (SM-G970N - Android 9)","systemPort":8267},"capabilities":{"firstMatch":[{"appium:appActivity":".Settings","appium:appPackage":"com.android.settings","appium:autoGrantPermissions":true,"appium:automationName":"uiautomator2","appium:deviceName":"emulator-5554 (SM-G970N - Android 9)","appium:newCommandTimeout":1800,"platformName":"android","appium:platformVersion":"9","appium:systemPort":8267,"appium:udid":"emulator-5554"}]}}[39m
[35m[Appium][39m Appium v1.22.0 creating new AndroidUiautomator2Driver (v1.69.0) session
[35m[BaseDriver][39m Session created with session id: 77024f4a-45e3-4c04-8177-9e76f7ba105f
[35m[UiAutomator2][39m Starting 'com.android.settings' directly on the device
[35m[ADB][39m Found 1 'build-tools' folders under 'C:\Users\Btech\.katalon\tools\android_sdk' (newest first):
[35m[ADB][39m     C:/Users/Btech/.katalon/tools/android_sdk/build-tools/29.0.3
[35m[ADB][39m Using 'adb.exe' from 'C:\Users\Btech\.katalon\tools\android_sdk\platform-tools\adb.exe'
[35m[AndroidDriver][39m Retrieving device list
[35m[AndroidDriver][39m Using device: emulator-5554
[35m[ADB][39m Using 'adb.exe' from 'C:\Users\Btech\.katalon\tools\android_sdk\platform-tools\adb.exe'
[35m[ADB][39m Getting device platform version
[35m[UiAutomator2][39m Relaxing hidden api policy
[35m[AndroidDriver][39m No app sent in, not parsing package/activity
[35m[ADB][39m Using 'apksigner.jar' from 'C:\Users\Btech\.katalon\tools\android_sdk\build-tools\29.0.3\lib\apksigner.jar'
[35m[ADB][39m 'C:\Users\Btech\AppData\Roaming\npm\node_modules\appium\node_modules\appium-uiautomator2-server\apks\appium-uiautomator2-server-v4.24.0.apk' is signed with the default certificate
[35m[ADB][39m 'C:\Users\Btech\AppData\Roaming\npm\node_modules\appium\node_modules\appium-uiautomator2-server\apks\appium-uiautomator2-server-debug-androidTest.apk' is signed with the default certificate
[35m[UiAutomator2][39m Server packages are not going to be (re)installed
[35m[ADB][39m Adding packages ["io.appium.settings","io.appium.uiautomator2.server","io.appium.uiautomator2.server.test"] to Doze whitelist
[35m[UiAutomator2][39m Starting UIAutomator2 server 4.24.0
[35m[UiAutomator2][39m Using UIAutomator2 server from 'C:\Users\Btech\AppData\Roaming\npm\node_modules\appium\node_modules\appium-uiautomator2-server\apks\appium-uiautomator2-server-v4.24.0.apk' and test from 'C:\Users\Btech\AppData\Roaming\npm\node_modules\appium\node_modules\appium-uiautomator2-server\apks\appium-uiautomator2-server-debug-androidTest.apk'
[35m[UiAutomator2][39m Waiting up to 30000ms for UiAutomator2 to be online...
[35m[WD Proxy][39m socket hang up
[35m[WD Proxy][39m socket hang up
[35m[WD Proxy][39m socket hang up
[35m[WD Proxy][39m socket hang up
[35m[WD Proxy][39m socket hang up
[35m[WD Proxy][39m Determined the downstream protocol as 'W3C'
[35m[AndroidDriver][39m Screen already unlocked, doing nothing
[35m[UiAutomator2][39m Starting 'com.android.settings/.Settings and waiting for 'com.android.settings/.Settings'
[35m[Appium][39m New AndroidUiautomator2Driver session created successfully, session 77024f4a-45e3-4c04-8177-9e76f7ba105f added to master session list
[35m[HTTP][39m [37m<-- POST /wd/hub/session [39m[32m200[39m [90m31884 ms - 1094[39m
[35m[HTTP][39m [90m[39m
[35m[HTTP][39m [37m-->[39m [37mGET[39m [37m/wd/hub/session/77024f4a-45e3-4c04-8177-9e76f7ba105f[39m
[35m[HTTP][39m [90m{}[39m
[35m[HTTP][39m [37m<-- GET /wd/hub/session/77024f4a-45e3-4c04-8177-9e76f7ba105f [39m[32m200[39m [90m26 ms - 1048[39m
[35m[HTTP][39m [90m[39m
[35m[HTTP][39m [37m-->[39m [37mGET[39m [37m/wd/hub/session/77024f4a-45e3-4c04-8177-9e76f7ba105f[39m
[35m[HTTP][39m [90m{}[39m
[35m[HTTP][39m [37m<-- GET /wd/hub/session/77024f4a-45e3-4c04-8177-9e76f7ba105f [39m[32m200[39m [90m29 ms - 1048[39m
[35m[HTTP][39m [90m[39m
[35m[HTTP][39m [37m-->[39m [37mGET[39m [37m/wd/hub/status[39m
[35m[HTTP][39m [90m{}[39m
[35m[HTTP][39m [37m<-- GET /wd/hub/status [39m[32m200[39m [90m1 ms - 68[39m
[35m[HTTP][39m [90m[39m
[35m[HTTP][39m [37m-->[39m [37mPOST[39m [37m/wd/hub/session/77024f4a-45e3-4c04-8177-9e76f7ba105f/timeouts[39m
[35m[HTTP][39m [90m{"implicit":60000}[39m
[35m[HTTP][39m [37m<-- POST /wd/hub/session/77024f4a-45e3-4c04-8177-9e76f7ba105f/timeouts [39m[32m200[39m [90m5 ms - 14[39m
[35m[HTTP][39m [90m[39m
[35m[HTTP][39m [37m-->[39m [37mGET[39m [37m/wd/hub/session/77024f4a-45e3-4c04-8177-9e76f7ba105f/appium/device/system_bars[39m
[35m[HTTP][39m [90m{}[39m
[35m[HTTP][39m [37m<-- GET /wd/hub/session/77024f4a-45e3-4c04-8177-9e76f7ba105f/appium/device/system_bars [39m[31m500[39m [90m811 ms - 647[39m
[35m[HTTP][39m [90m[39m
[35m[HTTP][39m [37m-->[39m [37mPOST[39m [37m/wd/hub/session/77024f4a-45e3-4c04-8177-9e76f7ba105f/execute/sync[39m
[35m[HTTP][39m [90m{"script":"mobile:viewportRect","args":[]}[39m
[35m[AndroidDriver][39m Executing native command 'mobile:viewportRect'
[35m[HTTP][39m [37m<-- POST /wd/hub/session/77024f4a-45e3-4c04-8177-9e76f7ba105f/execute/sync [39m[32m200[39m [90m50 ms - 56[39m
[35m[HTTP][39m [90m[39m
[35m[HTTP][39m [37m-->[39m [37mPOST[39m [37m/wd/hub/session/77024f4a-45e3-4c04-8177-9e76f7ba105f/appium/device/activate_app[39m
[35m[HTTP][39m [90m{"bundleId":"com.whatsapp"}[39m
[35m[HTTP][39m [37m<-- POST /wd/hub/session/77024f4a-45e3-4c04-8177-9e76f7ba105f/appium/device/activate_app [39m[32m200[39m [90m1684 ms - 14[39m
[35m[HTTP][39m [90m[39m
[35m[HTTP][39m [37m-->[39m [37mGET[39m [37m/wd/hub/session/77024f4a-45e3-4c04-8177-9e76f7ba105f/source[39m
[35m[HTTP][39m [90m{}[39m
[35m[W3C (77024f4a)][39m Driver proxy active, passing request on via HTTP proxy
[35m[WD Proxy][39m Replacing sessionId c2f2cca5-066e-458a-a541-6e0e115ab877 with 77024f4a-45e3-4c04-8177-9e76f7ba105f
[35m[HTTP][39m [37m<-- GET /wd/hub/session/77024f4a-45e3-4c04-8177-9e76f7ba105f/source [39m[32m200[39m [90m669 ms - 21491[39m
[35m[HTTP][39m [90m[39m
[35m[HTTP][39m [37m-->[39m [37mGET[39m [37m/wd/hub/session/77024f4a-45e3-4c04-8177-9e76f7ba105f/screenshot[39m
[35m[HTTP][39m [90m{}[39m
[35m[HTTP][39m [37m<-- GET /wd/hub/session/77024f4a-45e3-4c04-8177-9e76f7ba105f/screenshot [39m[32m200[39m [90m1540 ms - 42528[39m
[35m[HTTP][39m [90m[39m
[35m[HTTP][39m [37m-->[39m [37mGET[39m [37m/wd/hub/session/77024f4a-45e3-4c04-8177-9e76f7ba105f/source[39m
[35m[HTTP][39m [90m{}[39m
[35m[W3C (77024f4a)][39m Driver proxy active, passing request on via HTTP proxy
[35m[WD Proxy][39m Replacing sessionId c2f2cca5-066e-458a-a541-6e0e115ab877 with 77024f4a-45e3-4c04-8177-9e76f7ba105f
[35m[HTTP][39m [37m<-- GET /wd/hub/session/77024f4a-45e3-4c04-8177-9e76f7ba105f/source [39m[32m200[39m [90m340 ms - 19335[39m
[35m[HTTP][39m [90m[39m
[35m[HTTP][39m [37m-->[39m [37mGET[39m [37m/wd/hub/session/77024f4a-45e3-4c04-8177-9e76f7ba105f/screenshot[39m
[35m[HTTP][39m [90m{}[39m
[35m[HTTP][39m [37m<-- GET /wd/hub/session/77024f4a-45e3-4c04-8177-9e76f7ba105f/screenshot [39m[32m200[39m [90m675 ms - 356120[39m
[35m[HTTP][39m [90m[39m
[35m[HTTP][39m [37m-->[39m [37mPOST[39m [37m/wd/hub/session/77024f4a-45e3-4c04-8177-9e76f7ba105f/elements[39m
[35m[HTTP][39m [90m{"using":"xpath","value":"//*[@class = 'android.widget.TextView' and (@text = 'Selamat datang di WhatsApp' or . = 'Selamat datang di WhatsApp') and @resource-id = 'com.whatsapp:id/pre_tos_title']"}[39m
[35m[HTTP][39m [37m<-- POST /wd/hub/session/77024f4a-45e3-4c04-8177-9e76f7ba105f/elements [39m[32m200[39m [90m220 ms - 139[39m
[35m[HTTP][39m [90m[39m
[35m[HTTP][39m [37m-->[39m [37mPOST[39m [37m/wd/hub/session/77024f4a-45e3-4c04-8177-9e76f7ba105f/timeouts[39m
[35m[HTTP][39m [90m{"implicit":1000}[39m
[35m[HTTP][39m [37m<-- POST /wd/hub/session/77024f4a-45e3-4c04-8177-9e76f7ba105f/timeouts [39m[32m200[39m [90m3 ms - 14[39m
[35m[HTTP][39m [90m[39m
[35m[HTTP][39m [37m-->[39m [37mPOST[39m [37m/wd/hub/session/77024f4a-45e3-4c04-8177-9e76f7ba105f/elements[39m
[35m[HTTP][39m [90m{"using":"xpath","value":"//*[@class = 'android.widget.TextView' and (@text = 'Selamat datang di WhatsApp' or . = 'Selamat datang di WhatsApp') and @resource-id = 'com.whatsapp:id/pre_tos_title']"}[39m
[35m[HTTP][39m [37m<-- POST /wd/hub/session/77024f4a-45e3-4c04-8177-9e76f7ba105f/elements [39m[32m200[39m [90m111 ms - 139[39m
[35m[HTTP][39m [90m[39m
[35m[HTTP][39m [37m-->[39m [37mGET[39m [37m/wd/hub/session/77024f4a-45e3-4c04-8177-9e76f7ba105f/element/00000000-0000-0007-ffff-ffff00000009/location[39m
[35m[HTTP][39m [90m{}[39m
[35m[W3C (77024f4a)][39m Driver proxy active, passing request on via HTTP proxy
[35m[WD Proxy][39m Replacing sessionId c2f2cca5-066e-458a-a541-6e0e115ab877 with 77024f4a-45e3-4c04-8177-9e76f7ba105f
[35m[HTTP][39m [37m<-- GET /wd/hub/session/77024f4a-45e3-4c04-8177-9e76f7ba105f/element/00000000-0000-0007-ffff-ffff00000009/location [39m[32m200[39m [90m31 ms - 76[39m
[35m[HTTP][39m [90m[39m
[35m[HTTP][39m [37m-->[39m [37mGET[39m [37m/wd/hub/session/77024f4a-45e3-4c04-8177-9e76f7ba105f/element/00000000-0000-0007-ffff-ffff00000009/size[39m
[35m[HTTP][39m [90m{}[39m
[35m[W3C (77024f4a)][39m Driver proxy active, passing request on via HTTP proxy
[35m[WD Proxy][39m Replacing sessionId c2f2cca5-066e-458a-a541-6e0e115ab877 with 77024f4a-45e3-4c04-8177-9e76f7ba105f
[35m[HTTP][39m [37m<-- GET /wd/hub/session/77024f4a-45e3-4c04-8177-9e76f7ba105f/element/00000000-0000-0007-ffff-ffff00000009/size [39m[32m200[39m [90m23 ms - 87[39m
[35m[HTTP][39m [90m[39m
[35m[HTTP][39m [37m-->[39m [37mPOST[39m [37m/wd/hub/session/77024f4a-45e3-4c04-8177-9e76f7ba105f/timeouts[39m
[35m[HTTP][39m [90m{"implicit":1000}[39m
[35m[HTTP][39m [37m<-- POST /wd/hub/session/77024f4a-45e3-4c04-8177-9e76f7ba105f/timeouts [39m[32m200[39m [90m2 ms - 14[39m
[35m[HTTP][39m [90m[39m
[35m[HTTP][39m [37m-->[39m [37mPOST[39m [37m/wd/hub/session/77024f4a-45e3-4c04-8177-9e76f7ba105f/elements[39m
[35m[HTTP][39m [90m{"using":"xpath","value":"//*[@class = 'android.widget.TextView' and (@text = 'Selamat datang di WhatsApp' or . = 'Selamat datang di WhatsApp') and @resource-id = 'com.whatsapp:id/pre_tos_title']"}[39m
[35m[HTTP][39m [37m<-- POST /wd/hub/session/77024f4a-45e3-4c04-8177-9e76f7ba105f/elements [39m[32m200[39m [90m88 ms - 139[39m
[35m[HTTP][39m [90m[39m
[35m[HTTP][39m [37m-->[39m [37mGET[39m [37m/wd/hub/session/77024f4a-45e3-4c04-8177-9e76f7ba105f/element/00000000-0000-0007-ffff-ffff00000009/location[39m
[35m[HTTP][39m [90m{}[39m
[35m[W3C (77024f4a)][39m Driver proxy active, passing request on via HTTP proxy
[35m[WD Proxy][39m Replacing sessionId c2f2cca5-066e-458a-a541-6e0e115ab877 with 77024f4a-45e3-4c04-8177-9e76f7ba105f
[35m[HTTP][39m [37m<-- GET /wd/hub/session/77024f4a-45e3-4c04-8177-9e76f7ba105f/element/00000000-0000-0007-ffff-ffff00000009/location [39m[32m200[39m [90m23 ms - 76[39m
[35m[HTTP][39m [90m[39m
[35m[HTTP][39m [37m-->[39m [37mGET[39m [37m/wd/hub/session/77024f4a-45e3-4c04-8177-9e76f7ba105f/element/00000000-0000-0007-ffff-ffff00000009/size[39m
[35m[HTTP][39m [90m{}[39m
[35m[W3C (77024f4a)][39m Driver proxy active, passing request on via HTTP proxy
[35m[WD Proxy][39m Replacing sessionId c2f2cca5-066e-458a-a541-6e0e115ab877 with 77024f4a-45e3-4c04-8177-9e76f7ba105f
[35m[HTTP][39m [37m<-- GET /wd/hub/session/77024f4a-45e3-4c04-8177-9e76f7ba105f/element/00000000-0000-0007-ffff-ffff00000009/size [39m[32m200[39m [90m22 ms - 87[39m
[35m[HTTP][39m [90m[39m
[35m[HTTP][39m [37m-->[39m [37mPOST[39m [37m/wd/hub/session/77024f4a-45e3-4c04-8177-9e76f7ba105f/timeouts[39m
[35m[HTTP][39m [90m{"implicit":1000}[39m
[35m[HTTP][39m [37m<-- POST /wd/hub/session/77024f4a-45e3-4c04-8177-9e76f7ba105f/timeouts [39m[32m200[39m [90m2 ms - 14[39m
[35m[HTTP][39m [90m[39m
[35m[HTTP][39m [37m-->[39m [37mPOST[39m [37m/wd/hub/session/77024f4a-45e3-4c04-8177-9e76f7ba105f/elements[39m
[35m[HTTP][39m [90m{"using":"xpath","value":"//*[@class = 'android.widget.TextView' and (@text = 'Selamat datang di WhatsApp' or . = 'Selamat datang di WhatsApp') and @resource-id = 'com.whatsapp:id/pre_tos_title']"}[39m
[35m[HTTP][39m [37m<-- POST /wd/hub/session/77024f4a-45e3-4c04-8177-9e76f7ba105f/elements [39m[32m200[39m [90m90 ms - 139[39m
[35m[HTTP][39m [90m[39m
[35m[HTTP][39m [37m-->[39m [37mGET[39m [37m/wd/hub/session/77024f4a-45e3-4c04-8177-9e76f7ba105f/element/00000000-0000-0007-ffff-ffff00000009/location[39m
[35m[HTTP][39m [90m{}[39m
[35m[W3C (77024f4a)][39m Driver proxy active, passing request on via HTTP proxy
[35m[WD Proxy][39m Replacing sessionId c2f2cca5-066e-458a-a541-6e0e115ab877 with 77024f4a-45e3-4c04-8177-9e76f7ba105f
[35m[HTTP][39m [37m<-- GET /wd/hub/session/77024f4a-45e3-4c04-8177-9e76f7ba105f/element/00000000-0000-0007-ffff-ffff00000009/location [39m[32m200[39m [90m19 ms - 76[39m
[35m[HTTP][39m [90m[39m
[35m[HTTP][39m [37m-->[39m [37mGET[39m [37m/wd/hub/session/77024f4a-45e3-4c04-8177-9e76f7ba105f/element/00000000-0000-0007-ffff-ffff00000009/size[39m
[35m[HTTP][39m [90m{}[39m
[35m[W3C (77024f4a)][39m Driver proxy active, passing request on via HTTP proxy
[35m[WD Proxy][39m Replacing sessionId c2f2cca5-066e-458a-a541-6e0e115ab877 with 77024f4a-45e3-4c04-8177-9e76f7ba105f
[35m[HTTP][39m [37m<-- GET /wd/hub/session/77024f4a-45e3-4c04-8177-9e76f7ba105f/element/00000000-0000-0007-ffff-ffff00000009/size [39m[32m200[39m [90m23 ms - 87[39m
[35m[HTTP][39m [90m[39m
[35m[HTTP][39m [37m-->[39m [37mPOST[39m [37m/wd/hub/session/77024f4a-45e3-4c04-8177-9e76f7ba105f/timeouts[39m
[35m[HTTP][39m [90m{"implicit":1000}[39m
[35m[HTTP][39m [37m<-- POST /wd/hub/session/77024f4a-45e3-4c04-8177-9e76f7ba105f/timeouts [39m[32m200[39m [90m2 ms - 14[39m
[35m[HTTP][39m [90m[39m
[35m[HTTP][39m [37m-->[39m [37mPOST[39m [37m/wd/hub/session/77024f4a-45e3-4c04-8177-9e76f7ba105f/elements[39m
[35m[HTTP][39m [90m{"using":"xpath","value":"//*[@class = 'android.widget.TextView' and (@text = 'Selamat datang di WhatsApp' or . = 'Selamat datang di WhatsApp') and @resource-id = 'com.whatsapp:id/pre_tos_title']"}[39m
[35m[HTTP][39m [37m<-- POST /wd/hub/session/77024f4a-45e3-4c04-8177-9e76f7ba105f/elements [39m[32m200[39m [90m74 ms - 139[39m
[35m[HTTP][39m [90m[39m
[35m[HTTP][39m [37m-->[39m [37mGET[39m [37m/wd/hub/session/77024f4a-45e3-4c04-8177-9e76f7ba105f/element/00000000-0000-0007-ffff-ffff00000009/location[39m
[35m[HTTP][39m [90m{}[39m
[35m[W3C (77024f4a)][39m Driver proxy active, passing request on via HTTP proxy
[35m[WD Proxy][39m Replacing sessionId c2f2cca5-066e-458a-a541-6e0e115ab877 with 77024f4a-45e3-4c04-8177-9e76f7ba105f
[35m[HTTP][39m [37m<-- GET /wd/hub/session/77024f4a-45e3-4c04-8177-9e76f7ba105f/element/00000000-0000-0007-ffff-ffff00000009/location [39m[32m200[39m [90m18 ms - 76[39m
[35m[HTTP][39m [90m[39m
[35m[HTTP][39m [37m-->[39m [37mGET[39m [37m/wd/hub/session/77024f4a-45e3-4c04-8177-9e76f7ba105f/element/00000000-0000-0007-ffff-ffff00000009/size[39m
[35m[HTTP][39m [90m{}[39m
[35m[W3C (77024f4a)][39m Driver proxy active, passing request on via HTTP proxy
[35m[WD Proxy][39m Replacing sessionId c2f2cca5-066e-458a-a541-6e0e115ab877 with 77024f4a-45e3-4c04-8177-9e76f7ba105f
[35m[HTTP][39m [37m<-- GET /wd/hub/session/77024f4a-45e3-4c04-8177-9e76f7ba105f/element/00000000-0000-0007-ffff-ffff00000009/size [39m[32m200[39m [90m17 ms - 87[39m
[35m[HTTP][39m [90m[39m
[35m[HTTP][39m [37m-->[39m [37mPOST[39m [37m/wd/hub/session/77024f4a-45e3-4c04-8177-9e76f7ba105f/timeouts[39m
[35m[HTTP][39m [90m{"implicit":1000}[39m
[35m[HTTP][39m [37m<-- POST /wd/hub/session/77024f4a-45e3-4c04-8177-9e76f7ba105f/timeouts [39m[32m200[39m [90m2 ms - 14[39m
[35m[HTTP][39m [90m[39m
[35m[HTTP][39m [37m-->[39m [37mPOST[39m [37m/wd/hub/session/77024f4a-45e3-4c04-8177-9e76f7ba105f/elements[39m
[35m[HTTP][39m [90m{"using":"xpath","value":"//*[@class = 'android.widget.TextView' and (@text = 'Selamat datang di WhatsApp' or . = 'Selamat datang di WhatsApp') and @resource-id = 'com.whatsapp:id/pre_tos_title']"}[39m
[35m[HTTP][39m [37m<-- POST /wd/hub/session/77024f4a-45e3-4c04-8177-9e76f7ba105f/elements [39m[32m200[39m [90m84 ms - 139[39m
[35m[HTTP][39m [90m[39m
[35m[HTTP][39m [37m-->[39m [37mGET[39m [37m/wd/hub/session/77024f4a-45e3-4c04-8177-9e76f7ba105f/element/00000000-0000-0007-ffff-ffff00000009/location[39m
[35m[HTTP][39m [90m{}[39m
[35m[W3C (77024f4a)][39m Driver proxy active, passing request on via HTTP proxy
[35m[WD Proxy][39m Replacing sessionId c2f2cca5-066e-458a-a541-6e0e115ab877 with 77024f4a-45e3-4c04-8177-9e76f7ba105f
[35m[HTTP][39m [37m<-- GET /wd/hub/session/77024f4a-45e3-4c04-8177-9e76f7ba105f/element/00000000-0000-0007-ffff-ffff00000009/location [39m[32m200[39m [90m18 ms - 76[39m
[35m[HTTP][39m [90m[39m
[35m[HTTP][39m [37m-->[39m [37mGET[39m [37m/wd/hub/session/77024f4a-45e3-4c04-8177-9e76f7ba105f/element/00000000-0000-0007-ffff-ffff00000009/size[39m
[35m[HTTP][39m [90m{}[39m
[35m[W3C (77024f4a)][39m Driver proxy active, passing request on via HTTP proxy
[35m[WD Proxy][39m Replacing sessionId c2f2cca5-066e-458a-a541-6e0e115ab877 with 77024f4a-45e3-4c04-8177-9e76f7ba105f
[35m[HTTP][39m [37m<-- GET /wd/hub/session/77024f4a-45e3-4c04-8177-9e76f7ba105f/element/00000000-0000-0007-ffff-ffff00000009/size [39m[32m200[39m [90m19 ms - 87[39m
[35m[HTTP][39m [90m[39m
[35m[HTTP][39m [37m-->[39m [37mPOST[39m [37m/wd/hub/session/77024f4a-45e3-4c04-8177-9e76f7ba105f/timeouts[39m
[35m[HTTP][39m [90m{"implicit":1000}[39m
[35m[HTTP][39m [37m<-- POST /wd/hub/session/77024f4a-45e3-4c04-8177-9e76f7ba105f/timeouts [39m[32m200[39m [90m2 ms - 14[39m
[35m[HTTP][39m [90m[39m
[35m[HTTP][39m [37m-->[39m [37mPOST[39m [37m/wd/hub/session/77024f4a-45e3-4c04-8177-9e76f7ba105f/elements[39m
[35m[HTTP][39m [90m{"using":"xpath","value":"//*[@class = 'android.widget.TextView' and (@text = 'Selamat datang di WhatsApp' or . = 'Selamat datang di WhatsApp') and @resource-id = 'com.whatsapp:id/pre_tos_title']"}[39m
[35m[HTTP][39m [37m<-- POST /wd/hub/session/77024f4a-45e3-4c04-8177-9e76f7ba105f/elements [39m[32m200[39m [90m78 ms - 139[39m
[35m[HTTP][39m [90m[39m
[35m[HTTP][39m [37m-->[39m [37mGET[39m [37m/wd/hub/session/77024f4a-45e3-4c04-8177-9e76f7ba105f/element/00000000-0000-0007-ffff-ffff00000009/location[39m
[35m[HTTP][39m [90m{}[39m
[35m[W3C (77024f4a)][39m Driver proxy active, passing request on via HTTP proxy
[35m[WD Proxy][39m Replacing sessionId c2f2cca5-066e-458a-a541-6e0e115ab877 with 77024f4a-45e3-4c04-8177-9e76f7ba105f
[35m[HTTP][39m [37m<-- GET /wd/hub/session/77024f4a-45e3-4c04-8177-9e76f7ba105f/element/00000000-0000-0007-ffff-ffff00000009/location [39m[32m200[39m [90m18 ms - 76[39m
[35m[HTTP][39m [90m[39m
[35m[HTTP][39m [37m-->[39m [37mGET[39m [37m/wd/hub/session/77024f4a-45e3-4c04-8177-9e76f7ba105f/element/00000000-0000-0007-ffff-ffff00000009/size[39m
[35m[HTTP][39m [90m{}[39m
[35m[W3C (77024f4a)][39m Driver proxy active, passing request on via HTTP proxy
[35m[WD Proxy][39m Replacing sessionId c2f2cca5-066e-458a-a541-6e0e115ab877 with 77024f4a-45e3-4c04-8177-9e76f7ba105f
[35m[HTTP][39m [37m<-- GET /wd/hub/session/77024f4a-45e3-4c04-8177-9e76f7ba105f/element/00000000-0000-0007-ffff-ffff00000009/size [39m[32m200[39m [90m16 ms - 87[39m
[35m[HTTP][39m [90m[39m
[35m[HTTP][39m [37m-->[39m [37mPOST[39m [37m/wd/hub/session/77024f4a-45e3-4c04-8177-9e76f7ba105f/timeouts[39m
[35m[HTTP][39m [90m{"implicit":1000}[39m
[35m[HTTP][39m [37m<-- POST /wd/hub/session/77024f4a-45e3-4c04-8177-9e76f7ba105f/timeouts [39m[32m200[39m [90m2 ms - 14[39m
[35m[HTTP][39m [90m[39m
[35m[HTTP][39m [37m-->[39m [37mPOST[39m [37m/wd/hub/session/77024f4a-45e3-4c04-8177-9e76f7ba105f/elements[39m
[35m[HTTP][39m [90m{"using":"xpath","value":"//*[@class = 'android.widget.TextView' and (@text = 'Selamat datang di WhatsApp' or . = 'Selamat datang di WhatsApp') and @resource-id = 'com.whatsapp:id/pre_tos_title']"}[39m
[35m[HTTP][39m [37m<-- POST /wd/hub/session/77024f4a-45e3-4c04-8177-9e76f7ba105f/elements [39m[32m200[39m [90m106 ms - 139[39m
[35m[HTTP][39m [90m[39m
[35m[HTTP][39m [37m-->[39m [37mGET[39m [37m/wd/hub/session/77024f4a-45e3-4c04-8177-9e76f7ba105f/element/00000000-0000-0007-ffff-ffff00000009/location[39m
[35m[HTTP][39m [90m{}[39m
[35m[W3C (77024f4a)][39m Driver proxy active, passing request on via HTTP proxy
[35m[WD Proxy][39m Replacing sessionId c2f2cca5-066e-458a-a541-6e0e115ab877 with 77024f4a-45e3-4c04-8177-9e76f7ba105f
[35m[HTTP][39m [37m<-- GET /wd/hub/session/77024f4a-45e3-4c04-8177-9e76f7ba105f/element/00000000-0000-0007-ffff-ffff00000009/location [39m[32m200[39m [90m24 ms - 76[39m
[35m[HTTP][39m [90m[39m
[35m[HTTP][39m [37m-->[39m [37mGET[39m [37m/wd/hub/session/77024f4a-45e3-4c04-8177-9e76f7ba105f/element/00000000-0000-0007-ffff-ffff00000009/size[39m
[35m[HTTP][39m [90m{}[39m
[35m[W3C (77024f4a)][39m Driver proxy active, passing request on via HTTP proxy
[35m[WD Proxy][39m Replacing sessionId c2f2cca5-066e-458a-a541-6e0e115ab877 with 77024f4a-45e3-4c04-8177-9e76f7ba105f
[35m[HTTP][39m [37m<-- GET /wd/hub/session/77024f4a-45e3-4c04-8177-9e76f7ba105f/element/00000000-0000-0007-ffff-ffff00000009/size [39m[32m200[39m [90m21 ms - 87[39m
[35m[HTTP][39m [90m[39m
[35m[HTTP][39m [37m-->[39m [37mPOST[39m [37m/wd/hub/session/77024f4a-45e3-4c04-8177-9e76f7ba105f/timeouts[39m
[35m[HTTP][39m [90m{"implicit":1000}[39m
[35m[HTTP][39m [37m<-- POST /wd/hub/session/77024f4a-45e3-4c04-8177-9e76f7ba105f/timeouts [39m[32m200[39m [90m2 ms - 14[39m
[35m[HTTP][39m [90m[39m
[35m[HTTP][39m [37m-->[39m [37mPOST[39m [37m/wd/hub/session/77024f4a-45e3-4c04-8177-9e76f7ba105f/elements[39m
[35m[HTTP][39m [90m{"using":"xpath","value":"//*[@class = 'android.widget.TextView' and (@text = 'Selamat datang di WhatsApp' or . = 'Selamat datang di WhatsApp') and @resource-id = 'com.whatsapp:id/pre_tos_title']"}[39m
[35m[HTTP][39m [37m<-- POST /wd/hub/session/77024f4a-45e3-4c04-8177-9e76f7ba105f/elements [39m[32m200[39m [90m102 ms - 139[39m
[35m[HTTP][39m [90m[39m
[35m[HTTP][39m [37m-->[39m [37mGET[39m [37m/wd/hub/session/77024f4a-45e3-4c04-8177-9e76f7ba105f/element/00000000-0000-0007-ffff-ffff00000009/location[39m
[35m[HTTP][39m [90m{}[39m
[35m[W3C (77024f4a)][39m Driver proxy active, passing request on via HTTP proxy
[35m[WD Proxy][39m Replacing sessionId c2f2cca5-066e-458a-a541-6e0e115ab877 with 77024f4a-45e3-4c04-8177-9e76f7ba105f
[35m[HTTP][39m [37m<-- GET /wd/hub/session/77024f4a-45e3-4c04-8177-9e76f7ba105f/element/00000000-0000-0007-ffff-ffff00000009/location [39m[32m200[39m [90m26 ms - 76[39m
[35m[HTTP][39m [90m[39m
[35m[HTTP][39m [37m-->[39m [37mGET[39m [37m/wd/hub/session/77024f4a-45e3-4c04-8177-9e76f7ba105f/element/00000000-0000-0007-ffff-ffff00000009/size[39m
[35m[HTTP][39m [90m{}[39m
[35m[W3C (77024f4a)][39m Driver proxy active, passing request on via HTTP proxy
[35m[WD Proxy][39m Replacing sessionId c2f2cca5-066e-458a-a541-6e0e115ab877 with 77024f4a-45e3-4c04-8177-9e76f7ba105f
[35m[HTTP][39m [37m<-- GET /wd/hub/session/77024f4a-45e3-4c04-8177-9e76f7ba105f/element/00000000-0000-0007-ffff-ffff00000009/size [39m[32m200[39m [90m21 ms - 87[39m
[35m[HTTP][39m [90m[39m
[35m[HTTP][39m [37m-->[39m [37mPOST[39m [37m/wd/hub/session/77024f4a-45e3-4c04-8177-9e76f7ba105f/timeouts[39m
[35m[HTTP][39m [90m{"implicit":1000}[39m
[35m[HTTP][39m [37m<-- POST /wd/hub/session/77024f4a-45e3-4c04-8177-9e76f7ba105f/timeouts [39m[32m200[39m [90m1 ms - 14[39m
[35m[HTTP][39m [90m[39m
[35m[HTTP][39m [37m-->[39m [37mPOST[39m [37m/wd/hub/session/77024f4a-45e3-4c04-8177-9e76f7ba105f/elements[39m
[35m[HTTP][39m [90m{"using":"xpath","value":"//*[@class = 'android.widget.TextView' and (@text = 'Selamat datang di WhatsApp' or . = 'Selamat datang di WhatsApp') and @resource-id = 'com.whatsapp:id/pre_tos_title']"}[39m
[35m[HTTP][39m [37m<-- POST /wd/hub/session/77024f4a-45e3-4c04-8177-9e76f7ba105f/elements [39m[32m200[39m [90m81 ms - 139[39m
[35m[HTTP][39m [90m[39m
[35m[HTTP][39m [37m-->[39m [37mGET[39m [37m/wd/hub/session/77024f4a-45e3-4c04-8177-9e76f7ba105f/element/00000000-0000-0007-ffff-ffff00000009/location[39m
[35m[HTTP][39m [90m{}[39m
[35m[W3C (77024f4a)][39m Driver proxy active, passing request on via HTTP proxy
[35m[WD Proxy][39m Replacing sessionId c2f2cca5-066e-458a-a541-6e0e115ab877 with 77024f4a-45e3-4c04-8177-9e76f7ba105f
[35m[HTTP][39m [37m<-- GET /wd/hub/session/77024f4a-45e3-4c04-8177-9e76f7ba105f/element/00000000-0000-0007-ffff-ffff00000009/location [39m[32m200[39m [90m26 ms - 76[39m
[35m[HTTP][39m [90m[39m
[35m[HTTP][39m [37m-->[39m [37mGET[39m [37m/wd/hub/session/77024f4a-45e3-4c04-8177-9e76f7ba105f/element/00000000-0000-0007-ffff-ffff00000009/size[39m
[35m[HTTP][39m [90m{}[39m
[35m[W3C (77024f4a)][39m Driver proxy active, passing request on via HTTP proxy
[35m[WD Proxy][39m Replacing sessionId c2f2cca5-066e-458a-a541-6e0e115ab877 with 77024f4a-45e3-4c04-8177-9e76f7ba105f
[35m[HTTP][39m [37m<-- GET /wd/hub/session/77024f4a-45e3-4c04-8177-9e76f7ba105f/element/00000000-0000-0007-ffff-ffff00000009/size [39m[32m200[39m [90m28 ms - 87[39m
[35m[HTTP][39m [90m[39m
[35m[HTTP][39m [37m-->[39m [37mPOST[39m [37m/wd/hub/session/77024f4a-45e3-4c04-8177-9e76f7ba105f/timeouts[39m
[35m[HTTP][39m [90m{"implicit":1000}[39m
[35m[HTTP][39m [37m<-- POST /wd/hub/session/77024f4a-45e3-4c04-8177-9e76f7ba105f/timeouts [39m[32m200[39m [90m2 ms - 14[39m
[35m[HTTP][39m [90m[39m
[35m[HTTP][39m [37m-->[39m [37mPOST[39m [37m/wd/hub/session/77024f4a-45e3-4c04-8177-9e76f7ba105f/elements[39m
[35m[HTTP][39m [90m{"using":"xpath","value":"//*[@class = 'android.widget.TextView' and (@text = 'Selamat datang di WhatsApp' or . = 'Selamat datang di WhatsApp') and @resource-id = 'com.whatsapp:id/pre_tos_title']"}[39m
[35m[HTTP][39m [37m<-- POST /wd/hub/session/77024f4a-45e3-4c04-8177-9e76f7ba105f/elements [39m[32m200[39m [90m78 ms - 139[39m
[35m[HTTP][39m [90m[39m
[35m[HTTP][39m [37m-->[39m [37mGET[39m [37m/wd/hub/session/77024f4a-45e3-4c04-8177-9e76f7ba105f/element/00000000-0000-0007-ffff-ffff00000009/location[39m
[35m[HTTP][39m [90m{}[39m
[35m[W3C (77024f4a)][39m Driver proxy active, passing request on via HTTP proxy
[35m[WD Proxy][39m Replacing sessionId c2f2cca5-066e-458a-a541-6e0e115ab877 with 77024f4a-45e3-4c04-8177-9e76f7ba105f
[35m[HTTP][39m [37m<-- GET /wd/hub/session/77024f4a-45e3-4c04-8177-9e76f7ba105f/element/00000000-0000-0007-ffff-ffff00000009/location [39m[32m200[39m [90m19 ms - 76[39m
[35m[HTTP][39m [90m[39m
[35m[HTTP][39m [37m-->[39m [37mGET[39m [37m/wd/hub/session/77024f4a-45e3-4c04-8177-9e76f7ba105f/element/00000000-0000-0007-ffff-ffff00000009/size[39m
[35m[HTTP][39m [90m{}[39m
[35m[W3C (77024f4a)][39m Driver proxy active, passing request on via HTTP proxy
[35m[WD Proxy][39m Replacing sessionId c2f2cca5-066e-458a-a541-6e0e115ab877 with 77024f4a-45e3-4c04-8177-9e76f7ba105f
[35m[HTTP][39m [37m<-- GET /wd/hub/session/77024f4a-45e3-4c04-8177-9e76f7ba105f/element/00000000-0000-0007-ffff-ffff00000009/size [39m[32m200[39m [90m18 ms - 87[39m
[35m[HTTP][39m [90m[39m
[35m[HTTP][39m [37m-->[39m [37mDELETE[39m [37m/wd/hub/session/77024f4a-45e3-4c04-8177-9e76f7ba105f[39m
[35m[HTTP][39m [90m{}[39m
[35m[Appium][39m Removing session 77024f4a-45e3-4c04-8177-9e76f7ba105f from our master session list
[35m[UiAutomator2][39m Restoring hidden api policy to the device default configuration
[35m[HTTP][39m [37m<-- DELETE /wd/hub/session/77024f4a-45e3-4c04-8177-9e76f7ba105f [39m[32m200[39m [90m2131 ms - 14[39m
[35m[HTTP][39m [90m[39m
